[0.453s] Invoking command in '/home/spider/gwpspider_ws/build/gwpspider_interfaces': CMAKE_PREFIX_PATH=${CMAKE_PREFIX_PATH}:/home/spider/gwpspider_ws/install/arduino_communication:/opt/ros/humble /usr/bin/cmake --build /home/spider/gwpspider_ws/build/gwpspider_interfaces -- -j8 -l8
[0.473s] -- Found ament_cmake: 1.3.4 (/opt/ros/humble/share/ament_cmake/cmake)
[0.622s] -- Found rosidl_default_generators: 1.2.0 (/opt/ros/humble/share/rosidl_default_generators/cmake)
[0.624s] -- Using all available rosidl_typesupport_c: rosidl_typesupport_fastrtps_c;rosidl_typesupport_introspection_c
[0.628s] -- Found rosidl_adapter: 3.1.4 (/opt/ros/humble/share/rosidl_adapter/cmake)
[0.667s] -- Using all available rosidl_typesupport_cpp: rosidl_typesupport_fastrtps_cpp;rosidl_typesupport_introspection_cpp
[0.692s] -- Found std_msgs: 4.2.3 (/opt/ros/humble/share/std_msgs/cmake)
[1.020s] -- Found ament_cmake_ros: 0.10.0 (/opt/ros/humble/share/ament_cmake_ros/cmake)
[1.188s] -- Using all available rosidl_typesupport_c: rosidl_typesupport_fastrtps_c;rosidl_typesupport_introspection_c
[1.407s] -- Using all available rosidl_typesupport_cpp: rosidl_typesupport_fastrtps_cpp;rosidl_typesupport_introspection_cpp
[1.428s] -- Found python_cmake_module: 0.10.0 (/opt/ros/humble/share/python_cmake_module/cmake)
[1.449s] -- Using PYTHON_EXECUTABLE: /usr/bin/python3
[1.449s] -- Using PYTHON_INCLUDE_DIRS: /usr/include/python3.10
[1.449s] -- Using PYTHON_LIBRARIES: /usr/lib/x86_64-linux-gnu/libpython3.10.so
[1.460s] -- Found ament_lint_auto: 0.12.6 (/opt/ros/humble/share/ament_lint_auto/cmake)
[1.469s] -- Added test 'lint_cmake' to check CMake code style
[1.471s] -- Added test 'xmllint' to check XML markup files
[1.473s] -- Configuring done
[1.518s] -- Generating done
[1.521s] -- Build files have been written to: /home/spider/gwpspider_ws/build/gwpspider_interfaces
[1.541s] [35m[1mConsolidate compiler generated dependencies of target gwpspider_interfaces__rosidl_generator_c[0m
[1.553s] [  1%] [32mBuilding C object CMakeFiles/gwpspider_interfaces__rosidl_generator_c.dir/rosidl_generator_c/gwpspider_interfaces/msg/detail/bno_data__functions.c.o[0m
[1.554s] [  4%] Built target gwpspider_interfaces__cpp
[1.554s] [  4%] [32mBuilding C object CMakeFiles/gwpspider_interfaces__rosidl_generator_c.dir/rosidl_generator_c/gwpspider_interfaces/srv/detail/init_bno__functions.c.o[0m
[1.557s] [  4%] Built target ament_cmake_python_copy_gwpspider_interfaces
[1.564s] [35m[1mConsolidate compiler generated dependencies of target gwpspider_interfaces__rosidl_typesupport_cpp[0m
[1.567s] [35m[1mConsolidate compiler generated dependencies of target gwpspider_interfaces__rosidl_typesupport_fastrtps_cpp[0m
[1.567s] [35m[1mConsolidate compiler generated dependencies of target gwpspider_interfaces__rosidl_typesupport_introspection_cpp[0m
[1.573s] In file included from [01m[K/home/spider/gwpspider_ws/build/gwpspider_interfaces/rosidl_generator_c/gwpspider_interfaces/msg/detail/bno_data__functions.h:19[m[K,
[1.574s]                  from [01m[K/home/spider/gwpspider_ws/build/gwpspider_interfaces/rosidl_generator_c/gwpspider_interfaces/msg/detail/bno_data__functions.c:4[m[K:
[1.574s] [01m[K/home/spider/gwpspider_ws/build/gwpspider_interfaces/rosidl_generator_c/gwpspider_interfaces/msg/detail/bno_data__struct.h:23:10:[m[K [01;31m[Kfatal error: [m[Kstd_msgs/msg/detail/float32_multi_array__struct.h: No such file or directory
[1.574s]    23 | #include [01;31m[K"std_msgs/msg/detail/float32_multi_array__struct.h"[m[K
[1.574s]       |          [01;31m[K^~~~~~~~~~~~~~~~~~~~~~~~~~~~~~~~~~~~~~~~~~~~~~~~~~~[m[K
[1.574s] compilation terminated.
[1.575s] gmake[2]: *** [CMakeFiles/gwpspider_interfaces__rosidl_generator_c.dir/build.make:213: CMakeFiles/gwpspider_interfaces__rosidl_generator_c.dir/rosidl_generator_c/gwpspider_interfaces/msg/detail/bno_data__functions.c.o] Error 1
[1.575s] gmake[2]: *** Waiting for unfinished jobs....
[1.576s] [  5%] [32mBuilding CXX object CMakeFiles/gwpspider_interfaces__rosidl_typesupport_cpp.dir/rosidl_typesupport_cpp/gwpspider_interfaces/msg/bno_data__type_support.cpp.o[0m
[1.587s] [  8%] [32mBuilding CXX object CMakeFiles/gwpspider_interfaces__rosidl_typesupport_introspection_cpp.dir/rosidl_typesupport_introspection_cpp/gwpspider_interfaces/msg/detail/bno_data__type_support.cpp.o[0m
[1.588s] [  8%] [32mBuilding CXX object CMakeFiles/gwpspider_interfaces__rosidl_typesupport_fastrtps_cpp.dir/rosidl_typesupport_fastrtps_cpp/gwpspider_interfaces/msg/detail/dds_fastrtps/bno_data__type_support.cpp.o[0m
[1.589s] [  9%] [32mBuilding CXX object CMakeFiles/gwpspider_interfaces__rosidl_typesupport_fastrtps_cpp.dir/rosidl_typesupport_fastrtps_cpp/gwpspider_interfaces/srv/detail/dds_fastrtps/move_gripper__type_support.cpp.o[0m
[1.592s] [ 11%] [32mBuilding CXX object CMakeFiles/gwpspider_interfaces__rosidl_typesupport_fastrtps_cpp.dir/rosidl_typesupport_fastrtps_cpp/gwpspider_interfaces/srv/detail/dds_fastrtps/control_water_pump__type_support.cpp.o[0m
[1.600s] [ 12%] [32mBuilding CXX object CMakeFiles/gwpspider_interfaces__rosidl_typesupport_fastrtps_cpp.dir/rosidl_typesupport_fastrtps_cpp/gwpspider_interfaces/srv/detail/dds_fastrtps/init_bno__type_support.cpp.o[0m
[1.628s] gmake[1]: *** [CMakeFiles/Makefile2:213: CMakeFiles/gwpspider_interfaces__rosidl_generator_c.dir/all] Error 2
[1.628s] gmake[1]: *** Waiting for unfinished jobs....
[1.664s] In file included from [01m[K/home/spider/gwpspider_ws/build/gwpspider_interfaces/rosidl_typesupport_fastrtps_cpp/gwpspider_interfaces/msg/detail/bno_data__rosidl_typesupport_fastrtps_cpp.hpp:11[m[K,
[1.664s]                  from [01m[K/home/spider/gwpspider_ws/build/gwpspider_interfaces/rosidl_typesupport_fastrtps_cpp/gwpspider_interfaces/msg/detail/dds_fastrtps/bno_data__type_support.cpp:4[m[K:
[1.664s] [01m[K/home/spider/gwpspider_ws/build/gwpspider_interfaces/rosidl_generator_cpp/gwpspider_interfaces/msg/detail/bno_data__struct.hpp:21:10:[m[K [01;31m[Kfatal error: [m[Kstd_msgs/msg/detail/float32_multi_array__struct.hpp: No such file or directory
[1.665s]    21 | #include [01;31m[K"std_msgs/msg/detail/float32_multi_array__struct.hpp"[m[K
[1.665s]       |          [01;31m[K^~~~~~~~~~~~~~~~~~~~~~~~~~~~~~~~~~~~~~~~~~~~~~~~~~~~~[m[K
[1.665s] compilation terminated.
[1.666s] gmake[2]: *** [CMakeFiles/gwpspider_interfaces__rosidl_typesupport_fastrtps_cpp.dir/build.make:154: CMakeFiles/gwpspider_interfaces__rosidl_typesupport_fastrtps_cpp.dir/rosidl_typesupport_fastrtps_cpp/gwpspider_interfaces/msg/detail/dds_fastrtps/bno_data__type_support.cpp.o] Error 1
[1.666s] gmake[2]: *** Waiting for unfinished jobs....
[1.672s] In file included from [01m[K/home/spider/gwpspider_ws/build/gwpspider_interfaces/rosidl_typesupport_cpp/gwpspider_interfaces/msg/bno_data__type_support.cpp:7[m[K:
[1.672s] [01m[K/home/spider/gwpspider_ws/build/gwpspider_interfaces/rosidl_generator_cpp/gwpspider_interfaces/msg/detail/bno_data__struct.hpp:21:10:[m[K [01;31m[Kfatal error: [m[Kstd_msgs/msg/detail/float32_multi_array__struct.hpp: No such file or directory
[1.672s]    21 | #include [01;31m[K"std_msgs/msg/detail/float32_multi_array__struct.hpp"[m[K
[1.673s]       |          [01;31m[K^~~~~~~~~~~~~~~~~~~~~~~~~~~~~~~~~~~~~~~~~~~~~~~~~~~~~[m[K
[1.673s] compilation terminated.
[1.674s] gmake[2]: *** [CMakeFiles/gwpspider_interfaces__rosidl_typesupport_cpp.dir/build.make:134: CMakeFiles/gwpspider_interfaces__rosidl_typesupport_cpp.dir/rosidl_typesupport_cpp/gwpspider_interfaces/msg/bno_data__type_support.cpp.o] Error 1
[1.674s] gmake[1]: *** [CMakeFiles/Makefile2:395: CMakeFiles/gwpspider_interfaces__rosidl_typesupport_cpp.dir/all] Error 2
[1.694s] In file included from [01m[K/home/spider/gwpspider_ws/build/gwpspider_interfaces/rosidl_typesupport_introspection_cpp/gwpspider_interfaces/msg/detail/bno_data__type_support.cpp:12[m[K:
[1.694s] [01m[K/home/spider/gwpspider_ws/build/gwpspider_interfaces/rosidl_generator_cpp/gwpspider_interfaces/msg/detail/bno_data__struct.hpp:21:10:[m[K [01;31m[Kfatal error: [m[Kstd_msgs/msg/detail/float32_multi_array__struct.hpp: No such file or directory
[1.694s]    21 | #include [01;31m[K"std_msgs/msg/detail/float32_multi_array__struct.hpp"[m[K
[1.694s]       |          [01;31m[K^~~~~~~~~~~~~~~~~~~~~~~~~~~~~~~~~~~~~~~~~~~~~~~~~~~~~[m[K
[1.694s] compilation terminated.
[1.696s] gmake[2]: *** [CMakeFiles/gwpspider_interfaces__rosidl_typesupport_introspection_cpp.dir/build.make:154: CMakeFiles/gwpspider_interfaces__rosidl_typesupport_introspection_cpp.dir/rosidl_typesupport_introspection_cpp/gwpspider_interfaces/msg/detail/bno_data__type_support.cpp.o] Error 1
[1.696s] gmake[1]: *** [CMakeFiles/Makefile2:369: CMakeFiles/gwpspider_interfaces__rosidl_typesupport_introspection_cpp.dir/all] Error 2
[1.942s] running egg_info
[1.943s] writing gwpspider_interfaces.egg-info/PKG-INFO
[1.944s] writing dependency_links to gwpspider_interfaces.egg-info/dependency_links.txt
[1.944s] writing top-level names to gwpspider_interfaces.egg-info/top_level.txt
[1.947s] reading manifest file 'gwpspider_interfaces.egg-info/SOURCES.txt'
[1.948s] writing manifest file 'gwpspider_interfaces.egg-info/SOURCES.txt'
[1.982s] [ 12%] Built target ament_cmake_python_build_gwpspider_interfaces_egg
[2.131s] gmake[1]: *** [CMakeFiles/Makefile2:343: CMakeFiles/gwpspider_interfaces__rosidl_typesupport_fastrtps_cpp.dir/all] Error 2
[2.131s] gmake: *** [Makefile:146: all] Error 2
[2.133s] Invoked command in '/home/spider/gwpspider_ws/build/gwpspider_interfaces' returned '2': CMAKE_PREFIX_PATH=${CMAKE_PREFIX_PATH}:/home/spider/gwpspider_ws/install/arduino_communication:/opt/ros/humble /usr/bin/cmake --build /home/spider/gwpspider_ws/build/gwpspider_interfaces -- -j8 -l8
